[2024-02-21T10:27:20.857+0000] {taskinstance.py:1956} INFO - Dependencies all met for dep_context=non-requeueable deps ti=<TaskInstance: airflow-s3-mlflow.model_training manual__2024-02-21T10:26:55.694520+00:00 [queued]>
[2024-02-21T10:27:20.870+0000] {taskinstance.py:1956} INFO - Dependencies all met for dep_context=requeueable deps ti=<TaskInstance: airflow-s3-mlflow.model_training manual__2024-02-21T10:26:55.694520+00:00 [queued]>
[2024-02-21T10:27:20.871+0000] {taskinstance.py:2170} INFO - Starting attempt 1 of 1
[2024-02-21T10:27:20.886+0000] {taskinstance.py:2191} INFO - Executing <Task(PythonOperator): model_training> on 2024-02-21 10:26:55.694520+00:00
[2024-02-21T10:27:20.895+0000] {standard_task_runner.py:60} INFO - Started process 2331 to run task
[2024-02-21T10:27:20.899+0000] {standard_task_runner.py:87} INFO - Running: ['***', 'tasks', 'run', '***-s3-mlflow', 'model_training', 'manual__2024-02-21T10:26:55.694520+00:00', '--job-id', '94', '--raw', '--subdir', 'DAGS_FOLDER/***-aws-mlflow.py', '--cfg-path', '/tmp/tmpxu0cs_7h']
[2024-02-21T10:27:20.903+0000] {standard_task_runner.py:88} INFO - Job 94: Subtask model_training
[2024-02-21T10:27:20.923+0000] {logging_mixin.py:188} WARNING - /home/***/.local/lib/python3.8/site-packages/***/settings.py:194 DeprecationWarning: The sql_alchemy_conn option in [core] has been moved to the sql_alchemy_conn option in [database] - the old setting has been used, but please update your config.
[2024-02-21T10:27:20.960+0000] {task_command.py:423} INFO - Running <TaskInstance: airflow-s3-mlflow.model_training manual__2024-02-21T10:26:55.694520+00:00 [running]> on host b14d6cdb7c29
[2024-02-21T10:27:21.046+0000] {taskinstance.py:2480} INFO - Exporting env vars: AIRFLOW_CTX_DAG_OWNER='***' AIRFLOW_CTX_DAG_ID='***-s3-mlflow' AIRFLOW_CTX_TASK_ID='model_training' AIRFLOW_CTX_EXECUTION_DATE='2024-02-21T10:26:55.694520+00:00' AIRFLOW_CTX_TRY_NUMBER='1' AIRFLOW_CTX_DAG_RUN_ID='manual__2024-02-21T10:26:55.694520+00:00'
[2024-02-21T10:27:21.067+0000] {credentials.py:1147} INFO - Found credentials in environment variables.
[2024-02-21T10:27:23.868+0000] {logging_mixin.py:188} INFO - data file imported from s3
[2024-02-21T10:27:23.871+0000] {logging_mixin.py:188} INFO - data imported from s3
[2024-02-21T10:27:23.907+0000] {logging_mixin.py:188} INFO - [6.02047307 5.81463554 5.8550942  ... 5.90453612 5.83766211 5.86426694]
[2024-02-21T10:27:23.944+0000] {logging_mixin.py:188} INFO -  RMSE: 0.8517164587429792
[2024-02-21T10:27:23.953+0000] {logging_mixin.py:188} INFO -  MAE:  0.6457009926718297
[2024-02-21T10:27:23.960+0000] {logging_mixin.py:188} INFO -  R2:  0.05619492177966878
[2024-02-21T10:27:23.970+0000] {python.py:201} INFO - Done. Returned value was: None
[2024-02-21T10:27:23.980+0000] {taskinstance.py:1138} INFO - Marking task as SUCCESS. dag_id=***-s3-mlflow, task_id=model_training, execution_date=20240221T102655, start_date=20240221T102720, end_date=20240221T102723
[2024-02-21T10:27:24.049+0000] {local_task_job_runner.py:234} INFO - Task exited with return code 0
[2024-02-21T10:27:24.071+0000] {taskinstance.py:3280} INFO - 1 downstream tasks scheduled from follow-on schedule check
