[2024-02-21T10:36:05.269+0000] {taskinstance.py:1956} INFO - Dependencies all met for dep_context=non-requeueable deps ti=<TaskInstance: airflow-s3-mlflow.model_training manual__2024-02-21T10:35:41.169612+00:00 [queued]>
[2024-02-21T10:36:05.280+0000] {taskinstance.py:1956} INFO - Dependencies all met for dep_context=requeueable deps ti=<TaskInstance: airflow-s3-mlflow.model_training manual__2024-02-21T10:35:41.169612+00:00 [queued]>
[2024-02-21T10:36:05.281+0000] {taskinstance.py:2170} INFO - Starting attempt 1 of 1
[2024-02-21T10:36:05.296+0000] {taskinstance.py:2191} INFO - Executing <Task(PythonOperator): model_training> on 2024-02-21 10:35:41.169612+00:00
[2024-02-21T10:36:05.305+0000] {standard_task_runner.py:60} INFO - Started process 3431 to run task
[2024-02-21T10:36:05.308+0000] {standard_task_runner.py:87} INFO - Running: ['***', 'tasks', 'run', '***-s3-mlflow', 'model_training', 'manual__2024-02-21T10:35:41.169612+00:00', '--job-id', '133', '--raw', '--subdir', 'DAGS_FOLDER/***-aws-mlflow.py', '--cfg-path', '/tmp/tmpsepvnckv']
[2024-02-21T10:36:05.312+0000] {standard_task_runner.py:88} INFO - Job 133: Subtask model_training
[2024-02-21T10:36:05.331+0000] {logging_mixin.py:188} WARNING - /home/***/.local/lib/python3.8/site-packages/***/settings.py:194 DeprecationWarning: The sql_alchemy_conn option in [core] has been moved to the sql_alchemy_conn option in [database] - the old setting has been used, but please update your config.
[2024-02-21T10:36:05.366+0000] {task_command.py:423} INFO - Running <TaskInstance: airflow-s3-mlflow.model_training manual__2024-02-21T10:35:41.169612+00:00 [running]> on host b14d6cdb7c29
[2024-02-21T10:36:05.445+0000] {taskinstance.py:2480} INFO - Exporting env vars: AIRFLOW_CTX_DAG_OWNER='***' AIRFLOW_CTX_DAG_ID='***-s3-mlflow' AIRFLOW_CTX_TASK_ID='model_training' AIRFLOW_CTX_EXECUTION_DATE='2024-02-21T10:35:41.169612+00:00' AIRFLOW_CTX_TRY_NUMBER='1' AIRFLOW_CTX_DAG_RUN_ID='manual__2024-02-21T10:35:41.169612+00:00'
[2024-02-21T10:36:05.463+0000] {credentials.py:1147} INFO - Found credentials in environment variables.
[2024-02-21T10:36:08.817+0000] {logging_mixin.py:188} INFO - data file imported from s3
[2024-02-21T10:36:08.819+0000] {logging_mixin.py:188} INFO - data imported from s3
[2024-02-21T10:36:08.895+0000] {logging_mixin.py:188} INFO - [6.02047307 5.81463554 5.8550942  ... 5.90453612 5.83766211 5.86426694]
[2024-02-21T10:36:08.901+0000] {logging_mixin.py:188} INFO -  RMSE: 0.8517164587429792
[2024-02-21T10:36:08.902+0000] {logging_mixin.py:188} INFO -  MAE:  0.6457009926718297
[2024-02-21T10:36:08.902+0000] {logging_mixin.py:188} INFO -  R2:  0.05619492177966878
[2024-02-21T10:36:08.903+0000] {python.py:201} INFO - Done. Returned value was: None
[2024-02-21T10:36:08.915+0000] {taskinstance.py:1138} INFO - Marking task as SUCCESS. dag_id=***-s3-mlflow, task_id=model_training, execution_date=20240221T103541, start_date=20240221T103605, end_date=20240221T103608
[2024-02-21T10:36:08.981+0000] {local_task_job_runner.py:234} INFO - Task exited with return code 0
[2024-02-21T10:36:09.007+0000] {taskinstance.py:3280} INFO - 1 downstream tasks scheduled from follow-on schedule check
