[2024-02-21T16:00:56.593+0000] {taskinstance.py:1956} INFO - Dependencies all met for dep_context=non-requeueable deps ti=<TaskInstance: airflow-s3-mlflow.model_training manual__2024-02-21T16:00:07.303848+00:00 [queued]>
[2024-02-21T16:00:56.604+0000] {taskinstance.py:1956} INFO - Dependencies all met for dep_context=requeueable deps ti=<TaskInstance: airflow-s3-mlflow.model_training manual__2024-02-21T16:00:07.303848+00:00 [queued]>
[2024-02-21T16:00:56.604+0000] {taskinstance.py:2170} INFO - Starting attempt 1 of 1
[2024-02-21T16:00:56.622+0000] {taskinstance.py:2191} INFO - Executing <Task(PythonOperator): model_training> on 2024-02-21 16:00:07.303848+00:00
[2024-02-21T16:00:56.635+0000] {standard_task_runner.py:60} INFO - Started process 24894 to run task
[2024-02-21T16:00:56.638+0000] {standard_task_runner.py:87} INFO - Running: ['***', 'tasks', 'run', '***-s3-mlflow', 'model_training', 'manual__2024-02-21T16:00:07.303848+00:00', '--job-id', '269', '--raw', '--subdir', 'DAGS_FOLDER/***-aws-mlflow.py', '--cfg-path', '/tmp/tmp5fi2ya_o']
[2024-02-21T16:00:56.641+0000] {standard_task_runner.py:88} INFO - Job 269: Subtask model_training
[2024-02-21T16:00:56.662+0000] {logging_mixin.py:188} WARNING - /home/***/.local/lib/python3.8/site-packages/***/settings.py:194 DeprecationWarning: The sql_alchemy_conn option in [core] has been moved to the sql_alchemy_conn option in [database] - the old setting has been used, but please update your config.
[2024-02-21T16:00:56.698+0000] {task_command.py:423} INFO - Running <TaskInstance: airflow-s3-mlflow.model_training manual__2024-02-21T16:00:07.303848+00:00 [running]> on host b14d6cdb7c29
[2024-02-21T16:00:56.790+0000] {taskinstance.py:2480} INFO - Exporting env vars: AIRFLOW_CTX_DAG_OWNER='***' AIRFLOW_CTX_DAG_ID='***-s3-mlflow' AIRFLOW_CTX_TASK_ID='model_training' AIRFLOW_CTX_EXECUTION_DATE='2024-02-21T16:00:07.303848+00:00' AIRFLOW_CTX_TRY_NUMBER='1' AIRFLOW_CTX_DAG_RUN_ID='manual__2024-02-21T16:00:07.303848+00:00'
[2024-02-21T16:00:56.814+0000] {credentials.py:1147} INFO - Found credentials in environment variables.
[2024-02-21T16:01:30.084+0000] {logging_mixin.py:188} INFO - data file imported from s3
[2024-02-21T16:01:30.086+0000] {logging_mixin.py:188} INFO - data imported from s3
[2024-02-21T16:01:30.166+0000] {logging_mixin.py:188} INFO -  RMSE: 0.8528526258778343
[2024-02-21T16:01:30.169+0000] {logging_mixin.py:188} INFO -  MAE:  0.645031393708269
[2024-02-21T16:01:30.169+0000] {logging_mixin.py:188} INFO -  R2:  0.05367522047772455
[2024-02-21T16:01:30.173+0000] {logging_mixin.py:188} INFO - predict result : 0.05367522047772455
[2024-02-21T16:01:31.535+0000] {taskinstance.py:2698} ERROR - Task failed with exception
Traceback (most recent call last):
  File "/home/airflow/.local/lib/python3.8/site-packages/airflow/models/taskinstance.py", line 433, in _execute_task
    result = execute_callable(context=context, **execute_callable_kwargs)
  File "/home/airflow/.local/lib/python3.8/site-packages/airflow/operators/python.py", line 199, in execute
    return_value = self.execute_callable()
  File "/home/airflow/.local/lib/python3.8/site-packages/airflow/operators/python.py", line 216, in execute_callable
    return self.python_callable(*self.op_args, **self.op_kwargs)
  File "/opt/airflow/src/Modeltrainig/trainmodel.py", line 106, in mlflow_track
    joblib.dump(lr, os.path.join("src/modelartifact/model.joblib", "model1"))
  File "/home/airflow/.local/lib/python3.8/site-packages/joblib/numpy_pickle.py", line 552, in dump
    with open(filename, 'wb') as f:
FileNotFoundError: [Errno 2] No such file or directory: 'src/modelartifact/model.joblib/model1'
[2024-02-21T16:01:31.555+0000] {taskinstance.py:1138} INFO - Marking task as FAILED. dag_id=***-s3-mlflow, task_id=model_training, execution_date=20240221T160007, start_date=20240221T160056, end_date=20240221T160131
[2024-02-21T16:01:31.567+0000] {standard_task_runner.py:107} ERROR - Failed to execute job 269 for task model_training ([Errno 2] No such file or directory: 'src/modelartifact/model.joblib/model1'; 24894)
[2024-02-21T16:01:31.584+0000] {local_task_job_runner.py:234} INFO - Task exited with return code 1
[2024-02-21T16:01:31.604+0000] {taskinstance.py:3280} INFO - 0 downstream tasks scheduled from follow-on schedule check
