[2024-02-20T10:49:34.299+0000] {taskinstance.py:1956} INFO - Dependencies all met for dep_context=non-requeueable deps ti=<TaskInstance: airflow-s3-mlflow.rename_file manual__2024-02-20T10:49:30.326774+00:00 [queued]>
[2024-02-20T10:49:34.313+0000] {taskinstance.py:1956} INFO - Dependencies all met for dep_context=requeueable deps ti=<TaskInstance: airflow-s3-mlflow.rename_file manual__2024-02-20T10:49:30.326774+00:00 [queued]>
[2024-02-20T10:49:34.314+0000] {taskinstance.py:2170} INFO - Starting attempt 1 of 1
[2024-02-20T10:49:34.328+0000] {taskinstance.py:2191} INFO - Executing <Task(PythonOperator): rename_file> on 2024-02-20 10:49:30.326774+00:00
[2024-02-20T10:49:34.339+0000] {standard_task_runner.py:60} INFO - Started process 5178 to run task
[2024-02-20T10:49:34.343+0000] {standard_task_runner.py:87} INFO - Running: ['***', 'tasks', 'run', '***-s3-mlflow', 'rename_file', 'manual__2024-02-20T10:49:30.326774+00:00', '--job-id', '67', '--raw', '--subdir', 'DAGS_FOLDER/***-aws-mlflow.py', '--cfg-path', '/tmp/tmph4nyvihe']
[2024-02-20T10:49:34.346+0000] {standard_task_runner.py:88} INFO - Job 67: Subtask rename_file
[2024-02-20T10:49:34.366+0000] {logging_mixin.py:188} WARNING - /home/***/.local/lib/python3.8/site-packages/***/settings.py:194 DeprecationWarning: The sql_alchemy_conn option in [core] has been moved to the sql_alchemy_conn option in [database] - the old setting has been used, but please update your config.
[2024-02-20T10:49:34.414+0000] {task_command.py:423} INFO - Running <TaskInstance: airflow-s3-mlflow.rename_file manual__2024-02-20T10:49:30.326774+00:00 [running]> on host 0980836b8fdf
[2024-02-20T10:49:34.507+0000] {taskinstance.py:2480} INFO - Exporting env vars: AIRFLOW_CTX_DAG_OWNER='***' AIRFLOW_CTX_DAG_ID='***-s3-mlflow' AIRFLOW_CTX_TASK_ID='rename_file' AIRFLOW_CTX_EXECUTION_DATE='2024-02-20T10:49:30.326774+00:00' AIRFLOW_CTX_TRY_NUMBER='1' AIRFLOW_CTX_DAG_RUN_ID='manual__2024-02-20T10:49:30.326774+00:00'
[2024-02-20T10:49:34.521+0000] {taskinstance.py:2698} ERROR - Task failed with exception
Traceback (most recent call last):
  File "/home/airflow/.local/lib/python3.8/site-packages/airflow/models/taskinstance.py", line 433, in _execute_task
    result = execute_callable(context=context, **execute_callable_kwargs)
  File "/home/airflow/.local/lib/python3.8/site-packages/airflow/operators/python.py", line 199, in execute
    return_value = self.execute_callable()
  File "/home/airflow/.local/lib/python3.8/site-packages/airflow/operators/python.py", line 216, in execute_callable
    return self.python_callable(*self.op_args, **self.op_kwargs)
  File "/opt/airflow/src/preprocessing/importdata.py", line 34, in rename_file
    download_file_path = '/'.join(download_file_name[0].split('/')[:-1])
  File "/home/airflow/.local/lib/python3.8/site-packages/airflow/models/xcom.py", line 795, in __getitem__
    raise IndexError(key) from None
IndexError: 0
[2024-02-20T10:49:34.543+0000] {taskinstance.py:1138} INFO - Marking task as FAILED. dag_id=***-s3-mlflow, task_id=rename_file, execution_date=20240220T104930, start_date=20240220T104934, end_date=20240220T104934
[2024-02-20T10:49:34.560+0000] {standard_task_runner.py:107} ERROR - Failed to execute job 67 for task rename_file (0; 5178)
[2024-02-20T10:49:34.597+0000] {local_task_job_runner.py:234} INFO - Task exited with return code 1
[2024-02-20T10:49:34.623+0000] {taskinstance.py:3280} INFO - 0 downstream tasks scheduled from follow-on schedule check
