[2024-02-20T11:45:40.710+0000] {taskinstance.py:1956} INFO - Dependencies all met for dep_context=non-requeueable deps ti=<TaskInstance: airflow-s3-mlflow.model_training manual__2024-02-20T11:45:18.590324+00:00 [queued]>
[2024-02-20T11:45:40.719+0000] {taskinstance.py:1956} INFO - Dependencies all met for dep_context=requeueable deps ti=<TaskInstance: airflow-s3-mlflow.model_training manual__2024-02-20T11:45:18.590324+00:00 [queued]>
[2024-02-20T11:45:40.719+0000] {taskinstance.py:2170} INFO - Starting attempt 1 of 1
[2024-02-20T11:45:40.732+0000] {taskinstance.py:2191} INFO - Executing <Task(PythonOperator): model_training> on 2024-02-20 11:45:18.590324+00:00
[2024-02-20T11:45:40.743+0000] {standard_task_runner.py:60} INFO - Started process 8343 to run task
[2024-02-20T11:45:40.745+0000] {standard_task_runner.py:87} INFO - Running: ['***', 'tasks', 'run', '***-s3-mlflow', 'model_training', 'manual__2024-02-20T11:45:18.590324+00:00', '--job-id', '105', '--raw', '--subdir', 'DAGS_FOLDER/***-aws-mlflow.py', '--cfg-path', '/tmp/tmpx7fpi65g']
[2024-02-20T11:45:40.748+0000] {standard_task_runner.py:88} INFO - Job 105: Subtask model_training
[2024-02-20T11:45:40.765+0000] {logging_mixin.py:188} WARNING - /home/***/.local/lib/python3.8/site-packages/***/settings.py:194 DeprecationWarning: The sql_alchemy_conn option in [core] has been moved to the sql_alchemy_conn option in [database] - the old setting has been used, but please update your config.
[2024-02-20T11:45:40.799+0000] {task_command.py:423} INFO - Running <TaskInstance: airflow-s3-mlflow.model_training manual__2024-02-20T11:45:18.590324+00:00 [running]> on host 0980836b8fdf
[2024-02-20T11:45:40.870+0000] {taskinstance.py:2480} INFO - Exporting env vars: AIRFLOW_CTX_DAG_OWNER='***' AIRFLOW_CTX_DAG_ID='***-s3-mlflow' AIRFLOW_CTX_TASK_ID='model_training' AIRFLOW_CTX_EXECUTION_DATE='2024-02-20T11:45:18.590324+00:00' AIRFLOW_CTX_TRY_NUMBER='1' AIRFLOW_CTX_DAG_RUN_ID='manual__2024-02-20T11:45:18.590324+00:00'
[2024-02-20T11:45:40.873+0000] {taskinstance.py:2698} ERROR - Task failed with exception
Traceback (most recent call last):
  File "/home/airflow/.local/lib/python3.8/site-packages/airflow/models/taskinstance.py", line 433, in _execute_task
    result = execute_callable(context=context, **execute_callable_kwargs)
  File "/home/airflow/.local/lib/python3.8/site-packages/airflow/operators/python.py", line 199, in execute
    return_value = self.execute_callable()
  File "/home/airflow/.local/lib/python3.8/site-packages/airflow/operators/python.py", line 216, in execute_callable
    return self.python_callable(*self.op_args, **self.op_kwargs)
  File "/opt/airflow/src/Modeltrainig/trainmodel.py", line 56, in mlflow_track
    data=cleaned_data()
TypeError: cleaned_data() missing 1 required positional argument: 'ti'
[2024-02-20T11:45:40.889+0000] {taskinstance.py:1138} INFO - Marking task as FAILED. dag_id=***-s3-mlflow, task_id=model_training, execution_date=20240220T114518, start_date=20240220T114540, end_date=20240220T114540
[2024-02-20T11:45:40.901+0000] {standard_task_runner.py:107} ERROR - Failed to execute job 105 for task model_training (cleaned_data() missing 1 required positional argument: 'ti'; 8343)
[2024-02-20T11:45:40.919+0000] {local_task_job_runner.py:234} INFO - Task exited with return code 1
[2024-02-20T11:45:40.943+0000] {taskinstance.py:3280} INFO - 0 downstream tasks scheduled from follow-on schedule check
