[2024-02-22T05:30:26.105+0000] {taskinstance.py:1956} INFO - Dependencies all met for dep_context=non-requeueable deps ti=<TaskInstance: airflow-s3-mlflow.model_training manual__2024-02-22T05:30:05.774912+00:00 [queued]>
[2024-02-22T05:30:26.114+0000] {taskinstance.py:1956} INFO - Dependencies all met for dep_context=requeueable deps ti=<TaskInstance: airflow-s3-mlflow.model_training manual__2024-02-22T05:30:05.774912+00:00 [queued]>
[2024-02-22T05:30:26.115+0000] {taskinstance.py:2170} INFO - Starting attempt 1 of 1
[2024-02-22T05:30:26.128+0000] {taskinstance.py:2191} INFO - Executing <Task(PythonOperator): model_training> on 2024-02-22 05:30:05.774912+00:00
[2024-02-22T05:30:26.135+0000] {standard_task_runner.py:60} INFO - Started process 2607 to run task
[2024-02-22T05:30:26.138+0000] {standard_task_runner.py:87} INFO - Running: ['***', 'tasks', 'run', '***-s3-mlflow', 'model_training', 'manual__2024-02-22T05:30:05.774912+00:00', '--job-id', '305', '--raw', '--subdir', 'DAGS_FOLDER/***-aws-mlflow.py', '--cfg-path', '/tmp/tmpvlebag11']
[2024-02-22T05:30:26.141+0000] {standard_task_runner.py:88} INFO - Job 305: Subtask model_training
[2024-02-22T05:30:26.157+0000] {logging_mixin.py:188} WARNING - /home/***/.local/lib/python3.8/site-packages/***/settings.py:194 DeprecationWarning: The sql_alchemy_conn option in [core] has been moved to the sql_alchemy_conn option in [database] - the old setting has been used, but please update your config.
[2024-02-22T05:30:26.187+0000] {task_command.py:423} INFO - Running <TaskInstance: airflow-s3-mlflow.model_training manual__2024-02-22T05:30:05.774912+00:00 [running]> on host b14d6cdb7c29
[2024-02-22T05:30:26.258+0000] {taskinstance.py:2480} INFO - Exporting env vars: AIRFLOW_CTX_DAG_OWNER='***' AIRFLOW_CTX_DAG_ID='***-s3-mlflow' AIRFLOW_CTX_TASK_ID='model_training' AIRFLOW_CTX_EXECUTION_DATE='2024-02-22T05:30:05.774912+00:00' AIRFLOW_CTX_TRY_NUMBER='1' AIRFLOW_CTX_DAG_RUN_ID='manual__2024-02-22T05:30:05.774912+00:00'
[2024-02-22T05:30:26.272+0000] {credentials.py:1147} INFO - Found credentials in environment variables.
[2024-02-22T05:30:28.690+0000] {logging_mixin.py:188} INFO - data file imported from s3
[2024-02-22T05:30:28.692+0000] {logging_mixin.py:188} INFO - data imported from s3
[2024-02-22T05:30:28.755+0000] {logging_mixin.py:188} INFO -  RMSE: 0.837777250195429
[2024-02-22T05:30:28.770+0000] {logging_mixin.py:188} INFO -  MAE:  0.638264950710125
[2024-02-22T05:30:28.772+0000] {logging_mixin.py:188} INFO -  R2:  0.06136284589776975
[2024-02-22T05:30:28.793+0000] {logging_mixin.py:188} INFO - predict result : 0.06136284589776975
[2024-02-22T05:30:30.459+0000] {python.py:201} INFO - Done. Returned value was: None
[2024-02-22T05:30:30.468+0000] {taskinstance.py:1138} INFO - Marking task as SUCCESS. dag_id=***-s3-mlflow, task_id=model_training, execution_date=20240222T053005, start_date=20240222T053026, end_date=20240222T053030
[2024-02-22T05:30:30.539+0000] {local_task_job_runner.py:234} INFO - Task exited with return code 0
[2024-02-22T05:30:30.558+0000] {taskinstance.py:3280} INFO - 1 downstream tasks scheduled from follow-on schedule check
