[2024-02-21T14:42:17.634+0000] {taskinstance.py:1956} INFO - Dependencies all met for dep_context=non-requeueable deps ti=<TaskInstance: airflow-s3-mlflow.model_prediction manual__2024-02-21T14:41:54.444914+00:00 [queued]>
[2024-02-21T14:42:17.643+0000] {taskinstance.py:1956} INFO - Dependencies all met for dep_context=requeueable deps ti=<TaskInstance: airflow-s3-mlflow.model_prediction manual__2024-02-21T14:41:54.444914+00:00 [queued]>
[2024-02-21T14:42:17.644+0000] {taskinstance.py:2170} INFO - Starting attempt 1 of 1
[2024-02-21T14:42:17.659+0000] {taskinstance.py:2191} INFO - Executing <Task(PythonOperator): model_prediction> on 2024-02-21 14:41:54.444914+00:00
[2024-02-21T14:42:17.666+0000] {standard_task_runner.py:60} INFO - Started process 19032 to run task
[2024-02-21T14:42:17.669+0000] {standard_task_runner.py:87} INFO - Running: ['***', 'tasks', 'run', '***-s3-mlflow', 'model_prediction', 'manual__2024-02-21T14:41:54.444914+00:00', '--job-id', '233', '--raw', '--subdir', 'DAGS_FOLDER/***-aws-mlflow.py', '--cfg-path', '/tmp/tmpsd9q7w4c']
[2024-02-21T14:42:17.671+0000] {standard_task_runner.py:88} INFO - Job 233: Subtask model_prediction
[2024-02-21T14:42:17.688+0000] {logging_mixin.py:188} WARNING - /home/***/.local/lib/python3.8/site-packages/***/settings.py:194 DeprecationWarning: The sql_alchemy_conn option in [core] has been moved to the sql_alchemy_conn option in [database] - the old setting has been used, but please update your config.
[2024-02-21T14:42:17.721+0000] {task_command.py:423} INFO - Running <TaskInstance: airflow-s3-mlflow.model_prediction manual__2024-02-21T14:41:54.444914+00:00 [running]> on host b14d6cdb7c29
[2024-02-21T14:42:17.796+0000] {taskinstance.py:2480} INFO - Exporting env vars: AIRFLOW_CTX_DAG_OWNER='***' AIRFLOW_CTX_DAG_ID='***-s3-mlflow' AIRFLOW_CTX_TASK_ID='model_prediction' AIRFLOW_CTX_EXECUTION_DATE='2024-02-21T14:41:54.444914+00:00' AIRFLOW_CTX_TRY_NUMBER='1' AIRFLOW_CTX_DAG_RUN_ID='manual__2024-02-21T14:41:54.444914+00:00'
[2024-02-21T14:42:17.802+0000] {taskinstance.py:2698} ERROR - Task failed with exception
Traceback (most recent call last):
  File "/home/airflow/.local/lib/python3.8/site-packages/airflow/models/taskinstance.py", line 433, in _execute_task
    result = execute_callable(context=context, **execute_callable_kwargs)
  File "/home/airflow/.local/lib/python3.8/site-packages/airflow/operators/python.py", line 199, in execute
    return_value = self.execute_callable()
  File "/home/airflow/.local/lib/python3.8/site-packages/airflow/operators/python.py", line 216, in execute_callable
    return self.python_callable(*self.op_args, **self.op_kwargs)
  File "/opt/airflow/src/Modeltrainig/prediction.py", line 8, in predict
    test_x=pd.read_csv("data/test_x")
  File "/home/airflow/.local/lib/python3.8/site-packages/pandas/io/parsers/readers.py", line 912, in read_csv
    return _read(filepath_or_buffer, kwds)
  File "/home/airflow/.local/lib/python3.8/site-packages/pandas/io/parsers/readers.py", line 577, in _read
    parser = TextFileReader(filepath_or_buffer, **kwds)
  File "/home/airflow/.local/lib/python3.8/site-packages/pandas/io/parsers/readers.py", line 1407, in __init__
    self._engine = self._make_engine(f, self.engine)
  File "/home/airflow/.local/lib/python3.8/site-packages/pandas/io/parsers/readers.py", line 1661, in _make_engine
    self.handles = get_handle(
  File "/home/airflow/.local/lib/python3.8/site-packages/pandas/io/common.py", line 859, in get_handle
    handle = open(
FileNotFoundError: [Errno 2] No such file or directory: 'data/test_x'
[2024-02-21T14:42:17.824+0000] {taskinstance.py:1138} INFO - Marking task as FAILED. dag_id=***-s3-mlflow, task_id=model_prediction, execution_date=20240221T144154, start_date=20240221T144217, end_date=20240221T144217
[2024-02-21T14:42:17.836+0000] {standard_task_runner.py:107} ERROR - Failed to execute job 233 for task model_prediction ([Errno 2] No such file or directory: 'data/test_x'; 19032)
[2024-02-21T14:42:17.883+0000] {local_task_job_runner.py:234} INFO - Task exited with return code 1
[2024-02-21T14:42:17.905+0000] {taskinstance.py:3280} INFO - 0 downstream tasks scheduled from follow-on schedule check
